Flow report for ULA_project
Fri Nov 02 17:08:12 2018
Quartus II 64-Bit Version 9.1 Build 350 03/24/2010 Service Pack 2 SJ Full Version


---------------------
; Table of Contents ;
---------------------
  1. Legal Notice
  2. Flow Summary
  3. Flow Settings
  4. Flow Non-Default Global Settings
  5. Flow Elapsed Time
  6. Flow OS Summary
  7. Flow Log



----------------
; Legal Notice ;
----------------
Copyright (C) 1991-2010 Altera Corporation
Your use of Altera Corporation's design tools, logic functions 
and other software and tools, and its AMPP partner logic 
functions, and any output files from any of the foregoing 
(including device programming or simulation files), and any 
associated documentation or information are expressly subject 
to the terms and conditions of the Altera Program License 
Subscription Agreement, Altera MegaCore Function License 
Agreement, or other applicable license agreement, including, 
without limitation, that your use is for the sole purpose of 
programming logic devices manufactured by Altera and sold by 
Altera or its authorized distributors.  Please refer to the 
applicable agreement for further details.



+-------------------------------------------------------------------------------+
; Flow Summary                                                                  ;
+-------------------------------+-----------------------------------------------+
; Flow Status                   ; Successful - Fri Nov 02 17:08:12 2018         ;
; Quartus II 64-Bit Version     ; 9.1 Build 350 03/24/2010 SP 2 SJ Full Version ;
; Revision Name                 ; ULA_project                                   ;
; Top-level Entity Name         ; BCDComplete                                   ;
; Family                        ; Stratix II                                    ;
; Met timing requirements       ; Yes                                           ;
; Logic utilization             ; < 1 %                                         ;
;     Combinational ALUTs       ; 13 / 12,480 ( < 1 % )                         ;
;     Dedicated logic registers ; 0 / 12,480 ( 0 % )                            ;
; Total registers               ; 0                                             ;
; Total pins                    ; 22 / 343 ( 6 % )                              ;
; Total virtual pins            ; 0                                             ;
; Total block memory bits       ; 0 / 419,328 ( 0 % )                           ;
; DSP block 9-bit elements      ; 0 / 96 ( 0 % )                                ;
; Total PLLs                    ; 0 / 6 ( 0 % )                                 ;
; Total DLLs                    ; 0 / 2 ( 0 % )                                 ;
; Device                        ; EP2S15F484C3                                  ;
; Timing Models                 ; Final                                         ;
+-------------------------------+-----------------------------------------------+


+-----------------------------------------+
; Flow Settings                           ;
+-------------------+---------------------+
; Option            ; Setting             ;
+-------------------+---------------------+
; Start date & time ; 11/02/2018 17:08:04 ;
; Main task         ; Compilation         ;
; Revision Name     ; ULA_project         ;
+-------------------+---------------------+


+--------------------------------------------------------------------------------------------------------------------------------------------------+
; Flow Non-Default Global Settings                                                                                                                 ;
+------------------------------------+--------------------------------------------------------------+---------------+-------------+----------------+
; Assignment Name                    ; Value                                                        ; Default Value ; Entity Name ; Section Id     ;
+------------------------------------+--------------------------------------------------------------+---------------+-------------+----------------+
; COMPILER_SIGNATURE_ID              ; 229335799398858.154118928424556                              ; --            ; --          ; --             ;
; MISC_FILE                          ; E:/UFPE/Sistemas Digitais - IF675/projeto1SD/ULA_project.dpf ; --            ; --          ; --             ;
; PARTITION_COLOR                    ; 16764057                                                     ; --            ; BCDComplete ; Top            ;
; PARTITION_NETLIST_TYPE             ; SOURCE                                                       ; --            ; BCDComplete ; Top            ;
; TOP_LEVEL_ENTITY                   ; BCDComplete                                                  ; ULA_project   ; --          ; --             ;
; USE_GENERATED_PHYSICAL_CONSTRAINTS ; Off                                                          ; --            ; --          ; eda_blast_fpga ;
+------------------------------------+--------------------------------------------------------------+---------------+-------------+----------------+


+-----------------------------------------------------------------------------------------------------------------------------+
; Flow Elapsed Time                                                                                                           ;
+-------------------------+--------------+-------------------------+---------------------+------------------------------------+
; Module Name             ; Elapsed Time ; Average Processors Used ; Peak Virtual Memory ; Total CPU Time (on all processors) ;
+-------------------------+--------------+-------------------------+---------------------+------------------------------------+
; Analysis & Synthesis    ; 00:00:01     ; 1.0                     ; 340 MB              ; 00:00:01                           ;
; Fitter                  ; 00:00:03     ; 1.0                     ; 521 MB              ; 00:00:03                           ;
; Assembler               ; 00:00:02     ; 1.0                     ; 341 MB              ; 00:00:01                           ;
; Classic Timing Analyzer ; 00:00:00     ; 1.0                     ; 270 MB              ; 00:00:00                           ;
; Total                   ; 00:00:06     ; --                      ; --                  ; 00:00:05                           ;
+-------------------------+--------------+-------------------------+---------------------+------------------------------------+


+------------------------------------------------------------------------------------------+
; Flow OS Summary                                                                          ;
+-------------------------+------------------+---------------+------------+----------------+
; Module Name             ; Machine Hostname ; OS Name       ; OS Version ; Processor type ;
+-------------------------+------------------+---------------+------------+----------------+
; Analysis & Synthesis    ; g3c07            ; Windows Vista ; 6.2        ; x86_64         ;
; Fitter                  ; g3c07            ; Windows Vista ; 6.2        ; x86_64         ;
; Assembler               ; g3c07            ; Windows Vista ; 6.2        ; x86_64         ;
; Classic Timing Analyzer ; g3c07            ; Windows Vista ; 6.2        ; x86_64         ;
+-------------------------+------------------+---------------+------------+----------------+


------------
; Flow Log ;
------------
quartus_map --read_settings_files=on --write_settings_files=off ULA_project -c ULA_project
quartus_fit --read_settings_files=off --write_settings_files=off ULA_project -c ULA_project
quartus_asm --read_settings_files=off --write_settings_files=off ULA_project -c ULA_project
quartus_tan --read_settings_files=off --write_settings_files=off ULA_project -c ULA_project --timing_analysis_only



