Classic Timing Analyzer report for ULA_project
Fri Oct 26 00:10:19 2018
Quartus II Version 9.1 Build 350 03/24/2010 Service Pack 2 SJ Web Edition


---------------------
; Table of Contents ;
---------------------
  1. Legal Notice
  2. Timing Analyzer Summary
  3. Timing Analyzer Settings
  4. Parallel Compilation
  5. tpd
  6. Timing Analyzer Messages



----------------
; Legal Notice ;
----------------
Copyright (C) 1991-2010 Altera Corporation
Your use of Altera Corporation's design tools, logic functions 
and other software and tools, and its AMPP partner logic 
functions, and any output files from any of the foregoing 
(including device programming or simulation files), and any 
associated documentation or information are expressly subject 
to the terms and conditions of the Altera Program License 
Subscription Agreement, Altera MegaCore Function License 
Agreement, or other applicable license agreement, including, 
without limitation, that your use is for the sole purpose of 
programming logic devices manufactured by Altera and sold by 
Altera or its authorized distributors.  Please refer to the 
applicable agreement for further details.



+---------------------------------------------------------------------------------------------------------------------------+
; Timing Analyzer Summary                                                                                                   ;
+------------------------------+-------+---------------+-------------+------+--------+------------+----------+--------------+
; Type                         ; Slack ; Required Time ; Actual Time ; From ; To     ; From Clock ; To Clock ; Failed Paths ;
+------------------------------+-------+---------------+-------------+------+--------+------------+----------+--------------+
; Worst-case tpd               ; N/A   ; None          ; 9.854 ns    ; A[2] ; OUT[0] ; --         ; --       ; 0            ;
; Total number of failed paths ;       ;               ;             ;      ;        ;            ;          ; 0            ;
+------------------------------+-------+---------------+-------------+------+--------+------------+----------+--------------+


+-----------------------------------------------------------------------------------------------------------------------------------------------------+
; Timing Analyzer Settings                                                                                                                            ;
+------------------------------------------------------------------------------------------------------+--------------------+------+----+-------------+
; Option                                                                                               ; Setting            ; From ; To ; Entity Name ;
+------------------------------------------------------------------------------------------------------+--------------------+------+----+-------------+
; Device Name                                                                                          ; EP2S15F484C3       ;      ;    ;             ;
; Timing Models                                                                                        ; Final              ;      ;    ;             ;
; Default hold multicycle                                                                              ; Same as Multicycle ;      ;    ;             ;
; Cut paths between unrelated clock domains                                                            ; On                 ;      ;    ;             ;
; Cut off read during write signal paths                                                               ; On                 ;      ;    ;             ;
; Cut off feedback from I/O pins                                                                       ; On                 ;      ;    ;             ;
; Report Combined Fast/Slow Timing                                                                     ; Off                ;      ;    ;             ;
; Ignore Clock Settings                                                                                ; Off                ;      ;    ;             ;
; Analyze latches as synchronous elements                                                              ; On                 ;      ;    ;             ;
; Enable Recovery/Removal analysis                                                                     ; Off                ;      ;    ;             ;
; Enable Clock Latency                                                                                 ; Off                ;      ;    ;             ;
; Use TimeQuest Timing Analyzer                                                                        ; Off                ;      ;    ;             ;
; Number of source nodes to report per destination node                                                ; 10                 ;      ;    ;             ;
; Number of destination nodes to report                                                                ; 10                 ;      ;    ;             ;
; Number of paths to report                                                                            ; 200                ;      ;    ;             ;
; Report Minimum Timing Checks                                                                         ; Off                ;      ;    ;             ;
; Use Fast Timing Models                                                                               ; Off                ;      ;    ;             ;
; Report IO Paths Separately                                                                           ; Off                ;      ;    ;             ;
; Perform Multicorner Analysis                                                                         ; On                 ;      ;    ;             ;
; Reports the worst-case path for each clock domain and analysis                                       ; Off                ;      ;    ;             ;
; Reports worst-case timing paths for each clock domain and analysis                                   ; Off                ;      ;    ;             ;
; Specifies the maximum number of worst-case timing paths to report for each clock domain and analysis ; 100                ;      ;    ;             ;
; Removes common clock path pessimism (CCPP) during slack computation                                  ; Off                ;      ;    ;             ;
; Output I/O Timing Endpoint                                                                           ; Near End           ;      ;    ;             ;
+------------------------------------------------------------------------------------------------------+--------------------+------+----+-------------+


Parallel compilation was disabled, but you have multiple processors available. Enable parallel compilation to reduce compilation time.
+-------------------------------------+
; Parallel Compilation                ;
+----------------------------+--------+
; Processors                 ; Number ;
+----------------------------+--------+
; Number detected on machine ; 2      ;
; Maximum allowed            ; 1      ;
+----------------------------+--------+


+---------------------------------------------------------------+
; tpd                                                           ;
+-------+-------------------+-----------------+------+----------+
; Slack ; Required P2P Time ; Actual P2P Time ; From ; To       ;
+-------+-------------------+-----------------+------+----------+
; N/A   ; None              ; 9.854 ns        ; A[2] ; OUT[0]   ;
; N/A   ; None              ; 9.757 ns        ; A[3] ; OUT[6]   ;
; N/A   ; None              ; 9.746 ns        ; A[3] ; OUT[5]   ;
; N/A   ; None              ; 9.741 ns        ; A[0] ; OUT[6]   ;
; N/A   ; None              ; 9.730 ns        ; A[0] ; OUT[5]   ;
; N/A   ; None              ; 9.705 ns        ; A[3] ; OUT[0]   ;
; N/A   ; None              ; 9.691 ns        ; A[0] ; OUT[0]   ;
; N/A   ; None              ; 9.576 ns        ; A[2] ; OUT[5]   ;
; N/A   ; None              ; 9.552 ns        ; A[2] ; OUT[6]   ;
; N/A   ; None              ; 9.500 ns        ; A[2] ; OUT[3]   ;
; N/A   ; None              ; 9.340 ns        ; A[3] ; OUT[1]   ;
; N/A   ; None              ; 9.326 ns        ; A[1] ; OUT[0]   ;
; N/A   ; None              ; 9.325 ns        ; A[0] ; OUT[1]   ;
; N/A   ; None              ; 9.303 ns        ; A[0] ; OUT[3]   ;
; N/A   ; None              ; 9.136 ns        ; A[2] ; OUT[1]   ;
; N/A   ; None              ; 9.116 ns        ; A[3] ; OUT[4]   ;
; N/A   ; None              ; 8.972 ns        ; A[1] ; OUT[3]   ;
; N/A   ; None              ; 8.942 ns        ; A[0] ; OUT[4]   ;
; N/A   ; None              ; 8.911 ns        ; A[2] ; OUT[4]   ;
; N/A   ; None              ; 8.878 ns        ; A[1] ; OUT[6]   ;
; N/A   ; None              ; 8.868 ns        ; A[1] ; OUT[5]   ;
; N/A   ; None              ; 8.831 ns        ; A[0] ; OUT[2]   ;
; N/A   ; None              ; 8.685 ns        ; A[2] ; OUT[2]   ;
; N/A   ; None              ; 8.461 ns        ; A[1] ; OUT[1]   ;
; N/A   ; None              ; 8.239 ns        ; A[1] ; OUT[4]   ;
; N/A   ; None              ; 8.083 ns        ; A[1] ; OUT[2]   ;
; N/A   ; None              ; 6.885 ns        ; A[3] ; SINAL[6] ;
+-------+-------------------+-----------------+------+----------+


+--------------------------+
; Timing Analyzer Messages ;
+--------------------------+
Info: *******************************************************************
Info: Running Quartus II Classic Timing Analyzer
    Info: Version 9.1 Build 350 03/24/2010 Service Pack 2 SJ Web Edition
    Info: Processing started: Fri Oct 26 00:10:18 2018
Info: Command: quartus_tan --read_settings_files=off --write_settings_files=off ULA_project -c ULA_project --timing_analysis_only
Info: Longest tpd from source pin "A[2]" to destination pin "OUT[0]" is 9.854 ns
    Info: 1: + IC(0.000 ns) + CELL(0.847 ns) = 0.847 ns; Loc. = PIN_B16; Fanout = 7; PIN Node = 'A[2]'
    Info: 2: + IC(4.488 ns) + CELL(0.366 ns) = 5.701 ns; Loc. = LCCOMB_X22_Y20_N24; Fanout = 1; COMB Node = 'inst33~0'
    Info: 3: + IC(2.201 ns) + CELL(1.952 ns) = 9.854 ns; Loc. = PIN_U12; Fanout = 0; PIN Node = 'OUT[0]'
    Info: Total cell delay = 3.165 ns ( 32.12 % )
    Info: Total interconnect delay = 6.689 ns ( 67.88 % )
Info: Quartus II Classic Timing Analyzer was successful. 0 errors, 0 warnings
    Info: Peak virtual memory: 205 megabytes
    Info: Processing ended: Fri Oct 26 00:10:19 2018
    Info: Elapsed time: 00:00:01
    Info: Total CPU time (on all processors): 00:00:01


